============================================================
PropEdge V9.2 — BATCH 1: PREDICT
  Date: 2026-03-30 | 2026-03-30 08:00 UTC+01:00
============================================================

  Fetching props for 2026-03-30 (Batch 1)...
    Credits: 1081 events
    8 games on 2026-03-30
    Credits: 1075 
    ✓ PHI @ MIA: 12 props
    Credits: 1069 
    ✓ BOS @ ATL: 13 props
    Credits: 1063 
    ✓ CHI @ SAS: 15 props
    Credits: 1057 
    ✓ PHX @ MEM: 12 props
    Credits: 1051 
    ✓ MIN @ DAL: 15 props
    Credits: 1045 
    ✓ CLE @ UTA: 12 props
    Credits: 1039 
    ✓ DET @ OKC: 12 props
    Credits: 1033 
    ✓ WAS @ LAL: 12 props
  Total: 103 props across 8 games

  Running predictions (live rolling, DNP-safe)...
  101 predictions (97 conviction + 4 leans, 2 skipped)
    Skips: 2 no_player

  ✓ today.json: 101 plays (8 T1, 16 T2)
    Added:101 Updated:0 Preserved:0
  ✓ Daily Excel: 2026-03-30.xlsx
  ✓ Git push: B1: 2026-03-30 — 101 plays
============================================================
PropEdge V9.2 — BATCH 1: PREDICT
  Date: 2026-03-31 | 2026-03-31 08:07 UTC+01:00
============================================================

  Fetching props for 2026-03-31 (Batch 1)...
    Credits: 19682 events
    7 games on 2026-03-31
    Credits: 19676 
    ✓ PHX @ ORL: 12 props
    Credits: 19670 
    ✓ CHA @ BKN: 12 props
    Credits: 19664 
    ✓ DAL @ MIL: 10 props
    Credits: 19661 
    ✓ TOR @ DET: 13 props
    Credits: 19652 
    ✓ NYK @ HOU: 13 props
    Credits: 19646 
    ✓ CLE @ LAL: 12 props
    Credits: 19640 
    ✓ POR @ LAC: 12 props
  Total: 84 props across 7 games

  Running predictions (live rolling, DNP-safe)...
  83 predictions (78 conviction + 5 leans, 1 skipped)
    Skips: 1 no_player

  ✓ today.json: 83 plays (5 T1, 19 T2)
    Added:83 Updated:0 Preserved:0
  ✓ Daily Excel: 2026-03-31.xlsx
  ✓ Git push: B1: 2026-03-31 — 83 plays
============================================================
PropEdge V9.2 — BATCH 1: PREDICT
  Date: 2026-04-01 | 2026-04-01 08:00 UTC+01:00
============================================================

  Fetching props for 2026-04-01 (Batch 1)...
    Credits: 20000 events
    9 games on 2026-04-01
    Credits: 19997 
    ✓ ATL @ ORL: 12 props
    Credits: 19988 
    ✓ PHI @ WAS: 12 props
    ✗ Boston Celtics @ Miami Heat: 503 Server Error: Service Unavailable for url: https://api.the-odds-api.com/v4/sports/basketball_nba/events/5f035331e20684a116344413531bab36/odds?apiKey=a77b14b513399a472139e58390aac514&regions=us&markets=player_points%2Cspreads%2Ctotals&oddsFormat=american&dateFormat=iso
    Credits: 19910 
    ✓ MIL @ HOU: 11 props
    Credits: 19907 
    ✓ NYK @ MEM: 11 props
    Credits: 19904 
    ✓ SAC @ TOR: 14 props
    Credits: 19901 
    ✓ IND @ CHI: 9 props
    Credits: 19898 
    ✓ DEN @ UTA: 12 props
    Credits: 19895 
    ✓ SAS @ GSW: 13 props
  Total: 94 props across 9 games

  Running predictions (live rolling, DNP-safe)...
  93 predictions (88 conviction + 5 leans, 1 skipped)
    Skips: 1 no_player

  ✓ today.json: 93 plays (5 T1, 17 T2)
    Added:93 Updated:0 Preserved:0
  ✓ Daily Excel: 2026-04-01.xlsx
  ✓ Git push: B1: 2026-04-01 — 93 plays
============================================================
PropEdge V9.2 — BATCH 1: PREDICT
  Date: 2026-04-07 | 2026-04-07 08:00 UTC+01:00
============================================================

  Fetching props for 2026-04-07 (Batch 1)...
    Credits: 9123 events
    10 games on 2026-04-07
    Credits: 9114 
    ✓ CHI @ WAS: 10 props
    Credits: 9099 
    ✓ MIN @ IND: 11 props
    Credits: 9084 
    ✓ MIL @ BKN: 9 props
    Credits: 9072 
    ✓ MIA @ TOR: 14 props
    Credits: 9063 
    ✓ CHA @ BOS: 14 props
    Credits: 9054 
    ✓ UTA @ NOP: 10 props
    Credits: 9039 
    ✓ SAC @ GSW: 10 props
    Credits: 9030 
    ✓ DAL @ LAC: 12 props
    Credits: 9012 
    ✓ OKC @ LAL: 12 props
    Credits: 9003 
    ✓ HOU @ PHX: 14 props
  Total: 116 props across 10 games

  Running predictions (live rolling, DNP-safe)...
  114 predictions (106 conviction + 8 leans, 2 skipped)
    Skips: 1 low_line, 1 no_player

  ✓ today.json: 114 plays (8 T1, 28 T2)
    Added:0 Updated:114 Preserved:0
  ✓ Daily Excel: 2026-04-07.xlsx
  ✓ Git push: B1: 2026-04-07 — 114 plays
